RECORRIDO BFS: 
Vienna
-------
Ljubljana
-------
Milan
-------
Florence
-------
Budapest
-------
Munich
-------
Prague
-------
-------
Warsaw
-------
-------
Zagreb
-------
-------
Bern
-------
Bologna
-------
-------
Nice
-------
-------
-------
Rome
-------
-------
Krakau
-------
-------
Bucharest
-------
-------
-------
Belgrade
-------
Berlin
-------
Hamburg
-------
-------
Frankfurt
-------
-------
-------
-------
-------
-------
Wroclaw
-------
Poznan
-------
-------
-------
Krakow
-------
Gdansk
-------
Bialystok
-------
-------
-------
-------
Split
-------
-------
-------
-------
Lyon
-------
-------
-------
-------
Marseille
-------
-------
Napoles
-------
-------
-------
-------
-------
Sofia
-------
-------
-------
-------
Skopje
-------
-------
Amsterdam
-------
Cologne
-------
-------
-------
-------
-------
Copenhagen
-------
-------
-------
-------
-------
Brussels
-------
-------
-------
-------
Paris
-------
-------
-------
-------
-------
-------
-------
Vilnius
-------
-------
-------
-------
Bordeaux
-------
-------
-------
-------
Montpellier
-------
-------
-------
Catania
-------
-------
-------
-------
Thessaloniki
-------
Istanbul
-------
-------
-------
-------
-------
-------
-------
-------
-------
-------
-------
Stockholm
-------
-------
Oslo
-------
-------
London
-------
-------
-------
-------
-------
-------
-------
Rennes
-------
-------
-------
-------
Klaipeda
-------
Riga
-------
-------
Madrid
-------
-------
Barcelona
-------
-------
-------
Athens
-------
-------
-------
Ankara
-------
-------
-------
Kiruna
-------
-------
Östersund
-------
Tallinn
-------
-------
Bergen
-------
-------
-------
Penzance
-------
Bristol
-------
Birmingham
-------
-------
-------
-------
-------
-------
-------
Valencia
-------
Málaga
-------
Sevilla
-------
Santiago de Compostela
-------
Santander
-------
Pamplona
-------
-------
-------
-------
-------
-------
-------
Patras
-------
-------
-------
-------
Trondheim
-------
Helsinki
-------
-------
-------
-------
-------
-------
Edinburgh
-------
Holyhead
-------
-------
-------
-------
-------
-------
-------
Faro
-------
-------
-------
-------
-------
Bari
-------
-------
-------
Turku
-------
Rovaniemi
-------
-------
Aberdeen
-------
Glasgow
-------
-------
Dublin
-------
Lisboa
-------
-------
-------
-------
-------
-------
-------
Belfast
-------
Cork
-------
-------
Westport
-------
-------
Porto
-------
-------
-------
-------
